<?xml version="1.0" encoding="UTF-8"?>
<!-- Generated by org.testng.reporters.JUnitReportReporter -->
<testsuite hostname="LAPTOP-IQ6C4OPO" failures="0" tests="1" name="testpackage.TestActiTimeValidLogin" time="1.589" errors="0" timestamp="2022-06-12T00:33:04 IST" skipped="0">
  <testcase classname="testpackage.TestActiTimeValidLogin" name="actitimeValidLogin" time="1.589"/>
  <system-out/>
</testsuite> <!-- testpackage.TestActiTimeValidLogin -->
