<?xml version="1.0" encoding="UTF-8"?>
<!-- Generated by org.testng.reporters.JUnitReportReporter -->
<testsuite hostname="LAPTOP-IQ6C4OPO" failures="0" tests="1" name="testpackage.TestActiTimeLogout" time="4.865" errors="0" timestamp="2022-06-12T00:33:04 IST" skipped="0">
  <testcase classname="testpackage.TestActiTimeLogout" name="actitimeLogout" time="4.865"/>
  <system-out/>
</testsuite> <!-- testpackage.TestActiTimeLogout -->
