<?xml version="1.0" encoding="UTF-8"?>
<!-- Generated by org.testng.reporters.JUnitReportReporter -->
<testsuite hostname="LAPTOP-IQ6C4OPO" failures="0" tests="1" name="assignment.New" time="14.068" errors="0" timestamp="2022-07-07T17:49:22 IST" skipped="0">
  <testcase classname="assignment.New" name="openBrowser" time="14.068"/>
  <system-out>
    <![CDATA[RS.66,700]]>
  </system-out>
</testsuite> <!-- assignment.New -->
