<?xml version="1.0" encoding="UTF-8"?>
<!-- Generated by org.testng.reporters.JUnitReportReporter -->
<testsuite hostname="LAPTOP-IQ6C4OPO" failures="0" tests="1" name="assignment.OpenBrowser" time="7.922" errors="0" timestamp="2022-06-29T23:11:25 IST" skipped="0">
  <testcase classname="assignment.OpenBrowser" name="launchBrowser" time="7.922"/>
  <system-out/>
</testsuite> <!-- assignment.OpenBrowser -->
