<?xml version="1.0" encoding="UTF-8"?>
<!-- Generated by org.testng.reporters.JUnitReportReporter -->
<testsuite hostname="LAPTOP-IQ6C4OPO" failures="0" tests="1" name="testpackage.TestActiTimeInvalidLogin" time="26.002" errors="0" timestamp="2022-06-12T00:33:04 IST" skipped="0">
  <testcase classname="testpackage.TestActiTimeInvalidLogin" name="actitimeInvalidLogin" time="26.002"/>
  <system-out/>
</testsuite> <!-- testpackage.TestActiTimeInvalidLogin -->
